Analysis & Elaboration report for mipsProcessor
Mon Nov 29 11:32:07 2021
Quartus Prime Version 20.1.1 Build 720 11/11/2020 SJ Lite Edition


---------------------
; Table of Contents ;
---------------------
  1. Legal Notice
  2. Analysis & Elaboration Summary
  3. Parallel Compilation
  4. Analysis & Elaboration Settings
  5. Analysis & Elaboration Messages



----------------
; Legal Notice ;
----------------
Copyright (C) 2020  Intel Corporation. All rights reserved.
Your use of Intel Corporation's design tools, logic functions 
and other software and tools, and any partner logic 
functions, and any output files from any of the foregoing 
(including device programming or simulation files), and any 
associated documentation or information are expressly subject 
to the terms and conditions of the Intel Program License 
Subscription Agreement, the Intel Quartus Prime License Agreement,
the Intel FPGA IP License Agreement, or other applicable license
agreement, including, without limitation, that your use is for
the sole purpose of programming logic devices manufactured by
Intel and sold by Intel or its authorized distributors.  Please
refer to the applicable agreement for further details, at
https://fpgasoftware.intel.com/eula.



+----------------------------------------------------------------------------------+
; Analysis & Elaboration Summary                                                   ;
+------------------------------------+---------------------------------------------+
; Analysis & Elaboration Status      ; Successful - Mon Nov 29 11:32:07 2021       ;
; Quartus Prime Version              ; 20.1.1 Build 720 11/11/2020 SJ Lite Edition ;
; Revision Name                      ; mipsProcessor                               ;
; Top-level Entity Name              ; CPU                                         ;
; Family                             ; Cyclone IV E                                ;
; Total logic elements               ; N/A until Partition Merge                   ;
;     Total combinational functions  ; N/A until Partition Merge                   ;
;     Dedicated logic registers      ; N/A until Partition Merge                   ;
; Total registers                    ; N/A until Partition Merge                   ;
; Total pins                         ; N/A until Partition Merge                   ;
; Total virtual pins                 ; N/A until Partition Merge                   ;
; Total memory bits                  ; N/A until Partition Merge                   ;
; Embedded Multiplier 9-bit elements ; N/A until Partition Merge                   ;
; Total PLLs                         ; N/A until Partition Merge                   ;
+------------------------------------+---------------------------------------------+


+------------------------------------------+
; Parallel Compilation                     ;
+----------------------------+-------------+
; Processors                 ; Number      ;
+----------------------------+-------------+
; Number detected on machine ; 8           ;
; Maximum allowed            ; 4           ;
;                            ;             ;
; Average used               ; 1.00        ;
; Maximum used               ; 1           ;
;                            ;             ;
; Usage by Processor         ; % Time Used ;
;     Processor 1            ; 100.0%      ;
+----------------------------+-------------+


+------------------------------------------------------------------------------------------------------------+
; Analysis & Elaboration Settings                                                                            ;
+------------------------------------------------------------------+--------------------+--------------------+
; Option                                                           ; Setting            ; Default Value      ;
+------------------------------------------------------------------+--------------------+--------------------+
; Device                                                           ; EP4CE6E22C8        ;                    ;
; Top-level entity name                                            ; CPU                ; mipsProcessor      ;
; Family name                                                      ; Cyclone IV E       ; Cyclone V          ;
; Use smart compilation                                            ; Off                ; Off                ;
; Enable parallel Assembler and Timing Analyzer during compilation ; On                 ; On                 ;
; Enable compact report table                                      ; Off                ; Off                ;
; Restructure Multiplexers                                         ; Auto               ; Auto               ;
; Create Debugging Nodes for IP Cores                              ; Off                ; Off                ;
; Preserve fewer node names                                        ; On                 ; On                 ;
; Intel FPGA IP Evaluation Mode                                    ; Enable             ; Enable             ;
; Verilog Version                                                  ; Verilog_2001       ; Verilog_2001       ;
; VHDL Version                                                     ; VHDL_1993          ; VHDL_1993          ;
; State Machine Processing                                         ; Auto               ; Auto               ;
; Safe State Machine                                               ; Off                ; Off                ;
; Extract Verilog State Machines                                   ; On                 ; On                 ;
; Extract VHDL State Machines                                      ; On                 ; On                 ;
; Ignore Verilog initial constructs                                ; Off                ; Off                ;
; Iteration limit for constant Verilog loops                       ; 5000               ; 5000               ;
; Iteration limit for non-constant Verilog loops                   ; 250                ; 250                ;
; Add Pass-Through Logic to Inferred RAMs                          ; On                 ; On                 ;
; Infer RAMs from Raw Logic                                        ; On                 ; On                 ;
; Parallel Synthesis                                               ; On                 ; On                 ;
; DSP Block Balancing                                              ; Auto               ; Auto               ;
; NOT Gate Push-Back                                               ; On                 ; On                 ;
; Power-Up Don't Care                                              ; On                 ; On                 ;
; Remove Redundant Logic Cells                                     ; Off                ; Off                ;
; Remove Duplicate Registers                                       ; On                 ; On                 ;
; Ignore CARRY Buffers                                             ; Off                ; Off                ;
; Ignore CASCADE Buffers                                           ; Off                ; Off                ;
; Ignore GLOBAL Buffers                                            ; Off                ; Off                ;
; Ignore ROW GLOBAL Buffers                                        ; Off                ; Off                ;
; Ignore LCELL Buffers                                             ; Off                ; Off                ;
; Ignore SOFT Buffers                                              ; On                 ; On                 ;
; Limit AHDL Integers to 32 Bits                                   ; Off                ; Off                ;
; Optimization Technique                                           ; Balanced           ; Balanced           ;
; Carry Chain Length                                               ; 70                 ; 70                 ;
; Auto Carry Chains                                                ; On                 ; On                 ;
; Auto Open-Drain Pins                                             ; On                 ; On                 ;
; Perform WYSIWYG Primitive Resynthesis                            ; Off                ; Off                ;
; Auto ROM Replacement                                             ; On                 ; On                 ;
; Auto RAM Replacement                                             ; On                 ; On                 ;
; Auto DSP Block Replacement                                       ; On                 ; On                 ;
; Auto Shift Register Replacement                                  ; Auto               ; Auto               ;
; Allow Shift Register Merging across Hierarchies                  ; Auto               ; Auto               ;
; Auto Clock Enable Replacement                                    ; On                 ; On                 ;
; Strict RAM Replacement                                           ; Off                ; Off                ;
; Allow Synchronous Control Signals                                ; On                 ; On                 ;
; Force Use of Synchronous Clear Signals                           ; Off                ; Off                ;
; Auto RAM Block Balancing                                         ; On                 ; On                 ;
; Auto RAM to Logic Cell Conversion                                ; Off                ; Off                ;
; Auto Resource Sharing                                            ; Off                ; Off                ;
; Allow Any RAM Size For Recognition                               ; Off                ; Off                ;
; Allow Any ROM Size For Recognition                               ; Off                ; Off                ;
; Allow Any Shift Register Size For Recognition                    ; Off                ; Off                ;
; Use LogicLock Constraints during Resource Balancing              ; On                 ; On                 ;
; Ignore translate_off and synthesis_off directives                ; Off                ; Off                ;
; Timing-Driven Synthesis                                          ; On                 ; On                 ;
; Report Parameter Settings                                        ; On                 ; On                 ;
; Report Source Assignments                                        ; On                 ; On                 ;
; Report Connectivity Checks                                       ; On                 ; On                 ;
; Ignore Maximum Fan-Out Assignments                               ; Off                ; Off                ;
; Synchronization Register Chain Length                            ; 2                  ; 2                  ;
; Power Optimization During Synthesis                              ; Normal compilation ; Normal compilation ;
; HDL message level                                                ; Level2             ; Level2             ;
; Suppress Register Optimization Related Messages                  ; Off                ; Off                ;
; Number of Removed Registers Reported in Synthesis Report         ; 5000               ; 5000               ;
; Number of Swept Nodes Reported in Synthesis Report               ; 5000               ; 5000               ;
; Number of Inverted Registers Reported in Synthesis Report        ; 100                ; 100                ;
; Clock MUX Protection                                             ; On                 ; On                 ;
; Auto Gated Clock Conversion                                      ; Off                ; Off                ;
; Block Design Naming                                              ; Auto               ; Auto               ;
; SDC constraint protection                                        ; Off                ; Off                ;
; Synthesis Effort                                                 ; Auto               ; Auto               ;
; Shift Register Replacement - Allow Asynchronous Clear Signal     ; On                 ; On                 ;
; Pre-Mapping Resynthesis Optimization                             ; Off                ; Off                ;
; Analysis & Synthesis Message Level                               ; Medium             ; Medium             ;
; Disable Register Merging Across Hierarchies                      ; Auto               ; Auto               ;
; Resource Aware Inference For Block RAM                           ; On                 ; On                 ;
+------------------------------------------------------------------+--------------------+--------------------+


+---------------------------------+
; Analysis & Elaboration Messages ;
+---------------------------------+
Info: *******************************************************************
Info: Running Quartus Prime Analysis & Elaboration
    Info: Version 20.1.1 Build 720 11/11/2020 SJ Lite Edition
    Info: Processing started: Mon Nov 29 11:31:50 2021
Info: Command: quartus_map --read_settings_files=on --write_settings_files=off mipsProcessor -c mipsProcessor --analysis_and_elaboration
Warning (18236): Number of processors has not been specified which may cause overloading on shared machines.  Set the global assignment NUM_PARALLEL_PROCESSORS in your QSF to an appropriate value for best performance.
Info (20030): Parallel compilation is enabled and will use 4 of the 4 processors detected
Info (12021): Found 2 design units, including 1 entities, in source file Multiplexer.vhd
    Info (12022): Found design unit 1: Mux2x1-Behavior File: /home/gazoni/Downloads/Projeto/Multiplexer.vhd Line: 15
    Info (12023): Found entity 1: Mux2x1 File: /home/gazoni/Downloads/Projeto/Multiplexer.vhd Line: 5
Info (12021): Found 2 design units, including 1 entities, in source file 8bitRegister.vhd
    Info (12022): Found design unit 1: Reg8-Behavior File: /home/gazoni/Downloads/Projeto/8bitRegister.vhd Line: 14
    Info (12023): Found entity 1: Reg8 File: /home/gazoni/Downloads/Projeto/8bitRegister.vhd Line: 5
Info (12021): Found 2 design units, including 1 entities, in source file RegisterFile.vhd
    Info (12022): Found design unit 1: RegisterFile-Behavior File: /home/gazoni/Downloads/Projeto/RegisterFile.vhd Line: 18
    Info (12023): Found entity 1: RegisterFile File: /home/gazoni/Downloads/Projeto/RegisterFile.vhd Line: 5
Info (12021): Found 2 design units, including 1 entities, in source file PC.vhd
    Info (12022): Found design unit 1: PC-Behavior File: /home/gazoni/Downloads/Projeto/PC.vhd Line: 13
    Info (12023): Found entity 1: PC File: /home/gazoni/Downloads/Projeto/PC.vhd Line: 5
Info (12021): Found 2 design units, including 1 entities, in source file Instruction Register.vhd
    Info (12022): Found design unit 1: InstructionRegister-Behavior File: /home/gazoni/Downloads/Projeto/Instruction Register.vhd Line: 16
    Info (12023): Found entity 1: InstructionRegister File: /home/gazoni/Downloads/Projeto/Instruction Register.vhd Line: 5
Info (12021): Found 2 design units, including 1 entities, in source file ALU.vhd
    Info (12022): Found design unit 1: ALU-ALU_ARCH File: /home/gazoni/Downloads/Projeto/ALU.vhd Line: 14
    Info (12023): Found entity 1: ALU File: /home/gazoni/Downloads/Projeto/ALU.vhd Line: 5
Info (12021): Found 2 design units, including 1 entities, in source file Adder.vhd
    Info (12022): Found design unit 1: adder-BEHAVIOR File: /home/gazoni/Downloads/Projeto/Adder.vhd Line: 12
    Info (12023): Found entity 1: adder File: /home/gazoni/Downloads/Projeto/Adder.vhd Line: 5
Info (12021): Found 2 design units, including 1 entities, in source file Memory.vhd
    Info (12022): Found design unit 1: InstructionMemory-behavior File: /home/gazoni/Downloads/Projeto/Memory.vhd Line: 14
    Info (12023): Found entity 1: InstructionMemory File: /home/gazoni/Downloads/Projeto/Memory.vhd Line: 6
Info (12021): Found 2 design units, including 1 entities, in source file CPU.vhd
    Info (12022): Found design unit 1: CPU-Behavior File: /home/gazoni/Downloads/Projeto/CPU.vhd Line: 44
    Info (12023): Found entity 1: CPU File: /home/gazoni/Downloads/Projeto/CPU.vhd Line: 5
Info (12021): Found 2 design units, including 1 entities, in source file ControlUnit.vhd
    Info (12022): Found design unit 1: ControlUnit-Behavior File: /home/gazoni/Downloads/Projeto/ControlUnit.vhd Line: 15
    Info (12023): Found entity 1: ControlUnit File: /home/gazoni/Downloads/Projeto/ControlUnit.vhd Line: 5
Info (12127): Elaborating entity "CPU" for the top level hierarchy
Warning (10034): Output port "WriteReg" at CPU.vhd(13) has no driver File: /home/gazoni/Downloads/Projeto/CPU.vhd Line: 13
Info (12128): Elaborating entity "Mux2x1" for hierarchy "Mux2x1:Mux1" File: /home/gazoni/Downloads/Projeto/CPU.vhd Line: 60
Warning (10492): VHDL Process Statement warning at Multiplexer.vhd(21): signal "EndBranch" is read inside the Process Statement but isn't in the Process Statement's sensitivity list File: /home/gazoni/Downloads/Projeto/Multiplexer.vhd Line: 21
Warning (10492): VHDL Process Statement warning at Multiplexer.vhd(23): signal "JumpAddr" is read inside the Process Statement but isn't in the Process Statement's sensitivity list File: /home/gazoni/Downloads/Projeto/Multiplexer.vhd Line: 23
Info (12128): Elaborating entity "Reg8" for hierarchy "Reg8:ARegister" File: /home/gazoni/Downloads/Projeto/CPU.vhd Line: 62
Warning (10492): VHDL Process Statement warning at 8bitRegister.vhd(18): signal "WriteReg" is read inside the Process Statement but isn't in the Process Statement's sensitivity list File: /home/gazoni/Downloads/Projeto/8bitRegister.vhd Line: 18
Warning (10492): VHDL Process Statement warning at 8bitRegister.vhd(19): signal "InputData" is read inside the Process Statement but isn't in the Process Statement's sensitivity list File: /home/gazoni/Downloads/Projeto/8bitRegister.vhd Line: 19
Warning (10631): VHDL Process Statement warning at 8bitRegister.vhd(16): inferring latch(es) for signal or variable "OutputData", which holds its previous value in one or more paths through the process File: /home/gazoni/Downloads/Projeto/8bitRegister.vhd Line: 16
Info (10041): Inferred latch for "OutputData[0]" at 8bitRegister.vhd(16) File: /home/gazoni/Downloads/Projeto/8bitRegister.vhd Line: 16
Info (10041): Inferred latch for "OutputData[1]" at 8bitRegister.vhd(16) File: /home/gazoni/Downloads/Projeto/8bitRegister.vhd Line: 16
Info (10041): Inferred latch for "OutputData[2]" at 8bitRegister.vhd(16) File: /home/gazoni/Downloads/Projeto/8bitRegister.vhd Line: 16
Info (10041): Inferred latch for "OutputData[3]" at 8bitRegister.vhd(16) File: /home/gazoni/Downloads/Projeto/8bitRegister.vhd Line: 16
Info (10041): Inferred latch for "OutputData[4]" at 8bitRegister.vhd(16) File: /home/gazoni/Downloads/Projeto/8bitRegister.vhd Line: 16
Info (10041): Inferred latch for "OutputData[5]" at 8bitRegister.vhd(16) File: /home/gazoni/Downloads/Projeto/8bitRegister.vhd Line: 16
Info (10041): Inferred latch for "OutputData[6]" at 8bitRegister.vhd(16) File: /home/gazoni/Downloads/Projeto/8bitRegister.vhd Line: 16
Info (10041): Inferred latch for "OutputData[7]" at 8bitRegister.vhd(16) File: /home/gazoni/Downloads/Projeto/8bitRegister.vhd Line: 16
Info (12128): Elaborating entity "RegisterFile" for hierarchy "RegisterFile:RegFile" File: /home/gazoni/Downloads/Projeto/CPU.vhd Line: 70
Warning (10492): VHDL Process Statement warning at RegisterFile.vhd(50): signal "OutputData0" is read inside the Process Statement but isn't in the Process Statement's sensitivity list File: /home/gazoni/Downloads/Projeto/RegisterFile.vhd Line: 50
Warning (10492): VHDL Process Statement warning at RegisterFile.vhd(52): signal "OutputData1" is read inside the Process Statement but isn't in the Process Statement's sensitivity list File: /home/gazoni/Downloads/Projeto/RegisterFile.vhd Line: 52
Warning (10492): VHDL Process Statement warning at RegisterFile.vhd(54): signal "OutputData2" is read inside the Process Statement but isn't in the Process Statement's sensitivity list File: /home/gazoni/Downloads/Projeto/RegisterFile.vhd Line: 54
Warning (10492): VHDL Process Statement warning at RegisterFile.vhd(56): signal "OutputData3" is read inside the Process Statement but isn't in the Process Statement's sensitivity list File: /home/gazoni/Downloads/Projeto/RegisterFile.vhd Line: 56
Warning (10492): VHDL Process Statement warning at RegisterFile.vhd(60): signal "OutputData0" is read inside the Process Statement but isn't in the Process Statement's sensitivity list File: /home/gazoni/Downloads/Projeto/RegisterFile.vhd Line: 60
Warning (10492): VHDL Process Statement warning at RegisterFile.vhd(62): signal "OutputData1" is read inside the Process Statement but isn't in the Process Statement's sensitivity list File: /home/gazoni/Downloads/Projeto/RegisterFile.vhd Line: 62
Warning (10492): VHDL Process Statement warning at RegisterFile.vhd(64): signal "OutputData2" is read inside the Process Statement but isn't in the Process Statement's sensitivity list File: /home/gazoni/Downloads/Projeto/RegisterFile.vhd Line: 64
Warning (10492): VHDL Process Statement warning at RegisterFile.vhd(66): signal "OutputData3" is read inside the Process Statement but isn't in the Process Statement's sensitivity list File: /home/gazoni/Downloads/Projeto/RegisterFile.vhd Line: 66
Warning (10631): VHDL Process Statement warning at RegisterFile.vhd(46): inferring latch(es) for signal or variable "OutputReg1", which holds its previous value in one or more paths through the process File: /home/gazoni/Downloads/Projeto/RegisterFile.vhd Line: 46
Warning (10631): VHDL Process Statement warning at RegisterFile.vhd(46): inferring latch(es) for signal or variable "OutputReg2", which holds its previous value in one or more paths through the process File: /home/gazoni/Downloads/Projeto/RegisterFile.vhd Line: 46
Info (10041): Inferred latch for "OutputReg2[0]" at RegisterFile.vhd(46) File: /home/gazoni/Downloads/Projeto/RegisterFile.vhd Line: 46
Info (10041): Inferred latch for "OutputReg2[1]" at RegisterFile.vhd(46) File: /home/gazoni/Downloads/Projeto/RegisterFile.vhd Line: 46
Info (10041): Inferred latch for "OutputReg2[2]" at RegisterFile.vhd(46) File: /home/gazoni/Downloads/Projeto/RegisterFile.vhd Line: 46
Info (10041): Inferred latch for "OutputReg2[3]" at RegisterFile.vhd(46) File: /home/gazoni/Downloads/Projeto/RegisterFile.vhd Line: 46
Info (10041): Inferred latch for "OutputReg2[4]" at RegisterFile.vhd(46) File: /home/gazoni/Downloads/Projeto/RegisterFile.vhd Line: 46
Info (10041): Inferred latch for "OutputReg2[5]" at RegisterFile.vhd(46) File: /home/gazoni/Downloads/Projeto/RegisterFile.vhd Line: 46
Info (10041): Inferred latch for "OutputReg2[6]" at RegisterFile.vhd(46) File: /home/gazoni/Downloads/Projeto/RegisterFile.vhd Line: 46
Info (10041): Inferred latch for "OutputReg2[7]" at RegisterFile.vhd(46) File: /home/gazoni/Downloads/Projeto/RegisterFile.vhd Line: 46
Info (10041): Inferred latch for "OutputReg1[0]" at RegisterFile.vhd(46) File: /home/gazoni/Downloads/Projeto/RegisterFile.vhd Line: 46
Info (10041): Inferred latch for "OutputReg1[1]" at RegisterFile.vhd(46) File: /home/gazoni/Downloads/Projeto/RegisterFile.vhd Line: 46
Info (10041): Inferred latch for "OutputReg1[2]" at RegisterFile.vhd(46) File: /home/gazoni/Downloads/Projeto/RegisterFile.vhd Line: 46
Info (10041): Inferred latch for "OutputReg1[3]" at RegisterFile.vhd(46) File: /home/gazoni/Downloads/Projeto/RegisterFile.vhd Line: 46
Info (10041): Inferred latch for "OutputReg1[4]" at RegisterFile.vhd(46) File: /home/gazoni/Downloads/Projeto/RegisterFile.vhd Line: 46
Info (10041): Inferred latch for "OutputReg1[5]" at RegisterFile.vhd(46) File: /home/gazoni/Downloads/Projeto/RegisterFile.vhd Line: 46
Info (10041): Inferred latch for "OutputReg1[6]" at RegisterFile.vhd(46) File: /home/gazoni/Downloads/Projeto/RegisterFile.vhd Line: 46
Info (10041): Inferred latch for "OutputReg1[7]" at RegisterFile.vhd(46) File: /home/gazoni/Downloads/Projeto/RegisterFile.vhd Line: 46
Info (12128): Elaborating entity "PC" for hierarchy "PC:CPU_PC" File: /home/gazoni/Downloads/Projeto/CPU.vhd Line: 72
Info (12128): Elaborating entity "InstructionRegister" for hierarchy "InstructionRegister:IR" File: /home/gazoni/Downloads/Projeto/CPU.vhd Line: 74
Info (12128): Elaborating entity "ALU" for hierarchy "ALU:ALU" File: /home/gazoni/Downloads/Projeto/CPU.vhd Line: 76
Info (12128): Elaborating entity "InstructionMemory" for hierarchy "InstructionMemory:IM" File: /home/gazoni/Downloads/Projeto/CPU.vhd Line: 78
Warning (10492): VHDL Process Statement warning at Memory.vhd(28): signal "MemRead" is read inside the Process Statement but isn't in the Process Statement's sensitivity list File: /home/gazoni/Downloads/Projeto/Memory.vhd Line: 28
Warning (10631): VHDL Process Statement warning at Memory.vhd(26): inferring latch(es) for signal or variable "ReadData", which holds its previous value in one or more paths through the process File: /home/gazoni/Downloads/Projeto/Memory.vhd Line: 26
Info (10041): Inferred latch for "ReadData[0]" at Memory.vhd(26) File: /home/gazoni/Downloads/Projeto/Memory.vhd Line: 26
Info (10041): Inferred latch for "ReadData[1]" at Memory.vhd(26) File: /home/gazoni/Downloads/Projeto/Memory.vhd Line: 26
Info (10041): Inferred latch for "ReadData[2]" at Memory.vhd(26) File: /home/gazoni/Downloads/Projeto/Memory.vhd Line: 26
Info (10041): Inferred latch for "ReadData[3]" at Memory.vhd(26) File: /home/gazoni/Downloads/Projeto/Memory.vhd Line: 26
Info (10041): Inferred latch for "ReadData[4]" at Memory.vhd(26) File: /home/gazoni/Downloads/Projeto/Memory.vhd Line: 26
Info (10041): Inferred latch for "ReadData[5]" at Memory.vhd(26) File: /home/gazoni/Downloads/Projeto/Memory.vhd Line: 26
Info (10041): Inferred latch for "ReadData[6]" at Memory.vhd(26) File: /home/gazoni/Downloads/Projeto/Memory.vhd Line: 26
Info (10041): Inferred latch for "ReadData[7]" at Memory.vhd(26) File: /home/gazoni/Downloads/Projeto/Memory.vhd Line: 26
Info (12128): Elaborating entity "ControlUnit" for hierarchy "ControlUnit:CPU_UC" File: /home/gazoni/Downloads/Projeto/CPU.vhd Line: 80
Info: Quartus Prime Analysis & Elaboration was successful. 0 errors, 19 warnings
    Info: Peak virtual memory: 743 megabytes
    Info: Processing ended: Mon Nov 29 11:32:07 2021
    Info: Elapsed time: 00:00:17
    Info: Total CPU time (on all processors): 00:00:44


